[  476798ms] TypeError: Cannot read properties of undefined (reading 'invoke')
    at invoke (http://localhost:5173/node_modules/.vite/deps/core-CiOu3334.js?v=79120f75:204:36)
    at open (http://localhost:5173/node_modules/.vite/deps/@tauri-apps_plugin-dialog.js?v=79120f75:71:15)
    at pickFolder (http://localhost:5173/src/screens/SetupScreen.tsx?t=1773969308407:74:26)
    at onClick (http://localhost:5173/src/screens/SetupScreen.tsx?t=1773969308407:119:21)
    at executeDispatch (http://localhost:5173/node_modules/.vite/deps/react-dom_client.js?v=79120f75:9140:5)
    at runWithFiberInDEV (http://localhost:5173/node_modules/.vite/deps/react-dom_client.js?v=79120f75:850:66)
    at processDispatchQueue (http://localhost:5173/node_modules/.vite/deps/react-dom_client.js?v=79120f75:9166:27)
    at http://localhost:5173/node_modules/.vite/deps/react-dom_client.js?v=79120f75:9453:5
    at batchedUpdates$1 (http://localhost:5173/node_modules/.vite/deps/react-dom_client.js?v=79120f75:2043:12)
    at dispatchEventForPluginEventSystem (http://localhost:5173/node_modules/.vite/deps/react-dom_client.js?v=79120f75:9239:4)
[  478880ms] TypeError: Cannot read properties of undefined (reading 'invoke')
    at invoke (http://localhost:5173/node_modules/.vite/deps/core-CiOu3334.js?v=79120f75:204:36)
    at open (http://localhost:5173/node_modules/.vite/deps/@tauri-apps_plugin-dialog.js?v=79120f75:71:15)
    at pickFolder (http://localhost:5173/src/screens/SetupScreen.tsx?t=1773969308407:74:26)
    at onClick (http://localhost:5173/src/screens/SetupScreen.tsx?t=1773969308407:119:21)
    at executeDispatch (http://localhost:5173/node_modules/.vite/deps/react-dom_client.js?v=79120f75:9140:5)
    at runWithFiberInDEV (http://localhost:5173/node_modules/.vite/deps/react-dom_client.js?v=79120f75:850:66)
    at processDispatchQueue (http://localhost:5173/node_modules/.vite/deps/react-dom_client.js?v=79120f75:9166:27)
    at http://localhost:5173/node_modules/.vite/deps/react-dom_client.js?v=79120f75:9453:5
    at batchedUpdates$1 (http://localhost:5173/node_modules/.vite/deps/react-dom_client.js?v=79120f75:2043:12)
    at dispatchEventForPluginEventSystem (http://localhost:5173/node_modules/.vite/deps/react-dom_client.js?v=79120f75:9239:4)
[  479614ms] TypeError: Cannot read properties of undefined (reading 'invoke')
    at invoke (http://localhost:5173/node_modules/.vite/deps/core-CiOu3334.js?v=79120f75:204:36)
    at open (http://localhost:5173/node_modules/.vite/deps/@tauri-apps_plugin-dialog.js?v=79120f75:71:15)
    at pickFolder (http://localhost:5173/src/screens/SetupScreen.tsx?t=1773969308407:74:26)
    at onClick (http://localhost:5173/src/screens/SetupScreen.tsx?t=1773969308407:119:21)
    at executeDispatch (http://localhost:5173/node_modules/.vite/deps/react-dom_client.js?v=79120f75:9140:5)
    at runWithFiberInDEV (http://localhost:5173/node_modules/.vite/deps/react-dom_client.js?v=79120f75:850:66)
    at processDispatchQueue (http://localhost:5173/node_modules/.vite/deps/react-dom_client.js?v=79120f75:9166:27)
    at http://localhost:5173/node_modules/.vite/deps/react-dom_client.js?v=79120f75:9453:5
    at batchedUpdates$1 (http://localhost:5173/node_modules/.vite/deps/react-dom_client.js?v=79120f75:2043:12)
    at dispatchEventForPluginEventSystem (http://localhost:5173/node_modules/.vite/deps/react-dom_client.js?v=79120f75:9239:4)
[  480597ms] TypeError: Cannot read properties of undefined (reading 'invoke')
    at invoke (http://localhost:5173/node_modules/.vite/deps/core-CiOu3334.js?v=79120f75:204:36)
    at open (http://localhost:5173/node_modules/.vite/deps/@tauri-apps_plugin-dialog.js?v=79120f75:71:15)
    at pickFolder (http://localhost:5173/src/screens/SetupScreen.tsx?t=1773969308407:74:26)
    at onClick (http://localhost:5173/src/screens/SetupScreen.tsx?t=1773969308407:119:21)
    at executeDispatch (http://localhost:5173/node_modules/.vite/deps/react-dom_client.js?v=79120f75:9140:5)
    at runWithFiberInDEV (http://localhost:5173/node_modules/.vite/deps/react-dom_client.js?v=79120f75:850:66)
    at processDispatchQueue (http://localhost:5173/node_modules/.vite/deps/react-dom_client.js?v=79120f75:9166:27)
    at http://localhost:5173/node_modules/.vite/deps/react-dom_client.js?v=79120f75:9453:5
    at batchedUpdates$1 (http://localhost:5173/node_modules/.vite/deps/react-dom_client.js?v=79120f75:2043:12)
    at dispatchEventForPluginEventSystem (http://localhost:5173/node_modules/.vite/deps/react-dom_client.js?v=79120f75:9239:4)
[  480839ms] TypeError: Cannot read properties of undefined (reading 'invoke')
    at invoke (http://localhost:5173/node_modules/.vite/deps/core-CiOu3334.js?v=79120f75:204:36)
    at open (http://localhost:5173/node_modules/.vite/deps/@tauri-apps_plugin-dialog.js?v=79120f75:71:15)
    at pickFolder (http://localhost:5173/src/screens/SetupScreen.tsx?t=1773969308407:74:26)
    at onClick (http://localhost:5173/src/screens/SetupScreen.tsx?t=1773969308407:119:21)
    at executeDispatch (http://localhost:5173/node_modules/.vite/deps/react-dom_client.js?v=79120f75:9140:5)
    at runWithFiberInDEV (http://localhost:5173/node_modules/.vite/deps/react-dom_client.js?v=79120f75:850:66)
    at processDispatchQueue (http://localhost:5173/node_modules/.vite/deps/react-dom_client.js?v=79120f75:9166:27)
    at http://localhost:5173/node_modules/.vite/deps/react-dom_client.js?v=79120f75:9453:5
    at batchedUpdates$1 (http://localhost:5173/node_modules/.vite/deps/react-dom_client.js?v=79120f75:2043:12)
    at dispatchEventForPluginEventSystem (http://localhost:5173/node_modules/.vite/deps/react-dom_client.js?v=79120f75:9239:4)
